# JRE version: Java(TM) SE Runtime Environment (17.0.9+11) (build 17.0.9+11-LTS-201)
# Java VM: Java HotSpot(TM) 64-Bit Server VM (17.0.9+11-LTS-201, mixed mode, sharing, tiered, compressed oops, compressed class ptrs, g1 gc, windows-amd64)
GC Precious Log:
 CPUs: 4 total, 4 available
 Memory: 4039M
 Large Page Support: Disabled
 NUMA Support: Disabled
 Compressed Oops: Enabled (32-bit)
 Heap Region Size: 1M
 Heap Min Capacity: 8M
 Heap Initial Capacity: 64M
 Heap Max Capacity: 1010M
 Pre-touch: Disabled
 Parallel Workers: 4
 Concurrent Workers: 1
 Concurrent Refinement Workers: 4
 Periodic GC: Disabled
Heap:
 garbage-first heap   total 250880K, used 170656K [0x00000000c0e00000, 0x0000000100000000)
  region size 1024K, 13 young (13312K), 3 survivors (3072K)
 Metaspace       used 17596K, committed 17792K, reserved 1114112K
  class space    used 1988K, committed 2048K, reserved 1048576K
GC Heap History (20 events):
Event: 1.073 GC heap before
{Heap before GC invocations=1 (full 0):
 garbage-first heap   total 65536K, used 15556K [0x00000000c0e00000, 0x0000000100000000)
  region size 1024K, 14 young (14336K), 2 survivors (2048K)
 Metaspace       used 5605K, committed 5824K, reserved 1114112K
  class space    used 675K, committed 768K, reserved 1048576K
}
Event: 1.080 GC heap after
{Heap after GC invocations=2 (full 0):
 garbage-first heap   total 65536K, used 4061K [0x00000000c0e00000, 0x0000000100000000)
  region size 1024K, 1 young (1024K), 1 survivors (1024K)
 Metaspace       used 5605K, committed 5824K, reserved 1114112K
  class space    used 675K, committed 768K, reserved 1048576K
}
Event: 1.900 GC heap before
{Heap before GC invocations=2 (full 0):
 garbage-first heap   total 65536K, used 28637K [0x00000000c0e00000, 0x0000000100000000)
  region size 1024K, 26 young (26624K), 1 survivors (1024K)
 Metaspace       used 9531K, committed 9664K, reserved 1114112K
  class space    used 1155K, committed 1216K, reserved 1048576K
}
Event: 1.905 GC heap after
{Heap after GC invocations=3 (full 0):
 garbage-first heap   total 65536K, used 5290K [0x00000000c0e00000, 0x0000000100000000)
  region size 1024K, 2 young (2048K), 2 survivors (2048K)
 Metaspace       used 9531K, committed 9664K, reserved 1114112K
  class space    used 1155K, committed 1216K, reserved 1048576K
}
Event: 3.480 GC heap before
{Heap before GC invocations=3 (full 0):
 garbage-first heap   total 65536K, used 42154K [0x00000000c0e00000, 0x0000000100000000)
  region size 1024K, 38 young (38912K), 2 survivors (2048K)
 Metaspace       used 14672K, committed 14848K, reserved 1114112K
  class space    used 1766K, committed 1856K, reserved 1048576K
}
Event: 3.496 GC heap after
{Heap after GC invocations=4 (full 0):
 garbage-first heap   total 65536K, used 9216K [0x00000000c0e00000, 0x0000000100000000)
  region size 1024K, 5 young (5120K), 5 survivors (5120K)
 Metaspace       used 14672K, committed 14848K, reserved 1114112K
  class space    used 1766K, committed 1856K, reserved 1048576K
}
Event: 4.049 GC heap before
{Heap before GC invocations=4 (full 0):
 garbage-first heap   total 65536K, used 43008K [0x00000000c0e00000, 0x0000000100000000)
  region size 1024K, 38 young (38912K), 5 survivors (5120K)
 Metaspace       used 15120K, committed 15232K, reserved 1114112K
  class space    used 1804K, committed 1856K, reserved 1048576K
}
Event: 4.083 GC heap after
{Heap after GC invocations=5 (full 0):
 garbage-first heap   total 65536K, used 15780K [0x00000000c0e00000, 0x0000000100000000)
  region size 1024K, 5 young (5120K), 5 survivors (5120K)
 Metaspace       used 15120K, committed 15232K, reserved 1114112K
  class space    used 1804K, committed 1856K, reserved 1048576K
}
Event: 4.388 GC heap before
{Heap before GC invocations=5 (full 0):
 garbage-first heap   total 65536K, used 44452K [0x00000000c0e00000, 0x0000000100000000)
  region size 1024K, 33 young (33792K), 5 survivors (5120K)
 Metaspace       used 15200K, committed 15424K, reserved 1114112K
  class space    used 1805K, committed 1920K, reserved 1048576K
}
Event: 4.415 GC heap after
{Heap after GC invocations=6 (full 0):
 garbage-first heap   total 78848K, used 21504K [0x00000000c0e00000, 0x0000000100000000)
  region size 1024K, 5 young (5120K), 5 survivors (5120K)
 Metaspace       used 15200K, committed 15424K, reserved 1114112K
  class space    used 1805K, committed 1920K, reserved 1048576K
}
Event: 5.094 GC heap before
{Heap before GC invocations=6 (full 0):
 garbage-first heap   total 78848K, used 53248K [0x00000000c0e00000, 0x0000000100000000)
  region size 1024K, 36 young (36864K), 5 survivors (5120K)
 Metaspace       used 15632K, committed 15808K, reserved 1114112K
  class space    used 1837K, committed 1920K, reserved 1048576K
}
Event: 5.112 GC heap after
{Heap after GC invocations=7 (full 0):
 garbage-first heap   total 78848K, used 24564K [0x00000000c0e00000, 0x0000000100000000)
  region size 1024K, 4 young (4096K), 4 survivors (4096K)
 Metaspace       used 15632K, committed 15808K, reserved 1114112K
  class space    used 1837K, committed 1920K, reserved 1048576K
}
Event: 5.709 GC heap before
{Heap before GC invocations=7 (full 0):
 garbage-first heap   total 78848K, used 55284K [0x00000000c0e00000, 0x0000000100000000)
  region size 1024K, 34 young (34816K), 4 survivors (4096K)
 Metaspace       used 15954K, committed 16128K, reserved 1114112K
  class space    used 1840K, committed 1920K, reserved 1048576K
}
Event: 5.720 GC heap after
{Heap after GC invocations=8 (full 0):
 garbage-first heap   total 78848K, used 27400K [0x00000000c0e00000, 0x0000000100000000)
  region size 1024K, 3 young (3072K), 3 survivors (3072K)
 Metaspace       used 15954K, committed 16128K, reserved 1114112K
  class space    used 1840K, committed 1920K, reserved 1048576K
}
Event: 6.602 GC heap before
{Heap before GC invocations=8 (full 0):
 garbage-first heap   total 78848K, used 57096K [0x00000000c0e00000, 0x0000000100000000)
  region size 1024K, 32 young (32768K), 3 survivors (3072K)
 Metaspace       used 16356K, committed 16512K, reserved 1114112K
  class space    used 1859K, committed 1920K, reserved 1048576K
}
Event: 6.614 GC heap after
{Heap after GC invocations=9 (full 0):
 garbage-first heap   total 78848K, used 29291K [0x00000000c0e00000, 0x0000000100000000)
  region size 1024K, 2 young (2048K), 2 survivors (2048K)
 Metaspace       used 16356K, committed 16512K, reserved 1114112K
  class space    used 1859K, committed 1920K, reserved 1048576K
}
Event: 7.184 GC heap before
{Heap before GC invocations=9 (full 0):
 garbage-first heap   total 78848K, used 51819K [0x00000000c0e00000, 0x0000000100000000)
  region size 1024K, 17 young (17408K), 2 survivors (2048K)
 Metaspace       used 17450K, committed 17664K, reserved 1114112K
  class space    used 1981K, committed 2048K, reserved 1048576K
}
Event: 7.191 GC heap after
{Heap after GC invocations=10 (full 0):
 garbage-first heap   total 102400K, used 38430K [0x00000000c0e00000, 0x0000000100000000)
  region size 1024K, 3 young (3072K), 3 survivors (3072K)
 Metaspace       used 17450K, committed 17664K, reserved 1114112K
  class space    used 1981K, committed 2048K, reserved 1048576K
}
Event: 7.195 GC heap before
{Heap before GC invocations=10 (full 0):
 garbage-first heap   total 102400K, used 50718K [0x00000000c0e00000, 0x0000000100000000)
  region size 1024K, 4 young (4096K), 3 survivors (3072K)
 Metaspace       used 17450K, committed 17664K, reserved 1114112K
  class space    used 1981K, committed 2048K, reserved 1048576K
}
Event: 7.200 GC heap after
{Heap after GC invocations=11 (full 0):
 garbage-first heap   total 102400K, used 50848K [0x00000000c0e00000, 0x0000000100000000)
  region size 1024K, 3 young (3072K), 3 survivors (3072K)
 Metaspace       used 17450K, committed 17664K, reserved 1114112K
  class space    used 1981K, committed 2048K, reserved 1048576K
}

