# JRE version: Java(TM) SE Runtime Environment (17.0.9+11) (build 17.0.9+11-LTS-201)
# Java VM: Java HotSpot(TM) 64-Bit Server VM (17.0.9+11-LTS-201, mixed mode, sharing, tiered, compressed oops, compressed class ptrs, g1 gc, windows-amd64)
GC Precious Log:
 CPUs: 4 total, 4 available
 Memory: 4039M
 Large Page Support: Disabled
 NUMA Support: Disabled
 Compressed Oops: Enabled (32-bit)
 Heap Region Size: 1M
 Heap Min Capacity: 8M
 Heap Initial Capacity: 64M
 Heap Max Capacity: 1010M
 Pre-touch: Disabled
 Parallel Workers: 4
 Concurrent Workers: 1
 Concurrent Refinement Workers: 4
 Periodic GC: Disabled
Heap:
 garbage-first heap   total 273408K, used 34485K [0x00000000c0e00000, 0x0000000100000000)
  region size 1024K, 5 young (5120K), 1 survivors (1024K)
 Metaspace       used 19168K, committed 19392K, reserved 1114112K
  class space    used 2179K, committed 2304K, reserved 1048576K
GC Heap History (20 events):
Event: 2.012 GC heap before
{Heap before GC invocations=2 (full 0):
 garbage-first heap   total 65536K, used 28633K [0x00000000c0e00000, 0x0000000100000000)
  region size 1024K, 26 young (26624K), 1 survivors (1024K)
 Metaspace       used 9465K, committed 9664K, reserved 1114112K
  class space    used 1150K, committed 1216K, reserved 1048576K
}
Event: 2.017 GC heap after
{Heap after GC invocations=3 (full 0):
 garbage-first heap   total 65536K, used 5164K [0x00000000c0e00000, 0x0000000100000000)
  region size 1024K, 2 young (2048K), 2 survivors (2048K)
 Metaspace       used 9465K, committed 9664K, reserved 1114112K
  class space    used 1150K, committed 1216K, reserved 1048576K
}
Event: 3.701 GC heap before
{Heap before GC invocations=3 (full 0):
 garbage-first heap   total 65536K, used 42028K [0x00000000c0e00000, 0x0000000100000000)
  region size 1024K, 38 young (38912K), 2 survivors (2048K)
 Metaspace       used 14656K, committed 14848K, reserved 1114112K
  class space    used 1766K, committed 1856K, reserved 1048576K
}
Event: 3.721 GC heap after
{Heap after GC invocations=4 (full 0):
 garbage-first heap   total 65536K, used 8980K [0x00000000c0e00000, 0x0000000100000000)
  region size 1024K, 5 young (5120K), 5 survivors (5120K)
 Metaspace       used 14656K, committed 14848K, reserved 1114112K
  class space    used 1766K, committed 1856K, reserved 1048576K
}
Event: 4.297 GC heap before
{Heap before GC invocations=4 (full 0):
 garbage-first heap   total 65536K, used 42772K [0x00000000c0e00000, 0x0000000100000000)
  region size 1024K, 38 young (38912K), 5 survivors (5120K)
 Metaspace       used 15103K, committed 15232K, reserved 1114112K
  class space    used 1804K, committed 1856K, reserved 1048576K
}
Event: 4.327 GC heap after
{Heap after GC invocations=5 (full 0):
 garbage-first heap   total 65536K, used 15579K [0x00000000c0e00000, 0x0000000100000000)
  region size 1024K, 5 young (5120K), 5 survivors (5120K)
 Metaspace       used 15103K, committed 15232K, reserved 1114112K
  class space    used 1804K, committed 1856K, reserved 1048576K
}
Event: 4.664 GC heap before
{Heap before GC invocations=5 (full 0):
 garbage-first heap   total 65536K, used 44251K [0x00000000c0e00000, 0x0000000100000000)
  region size 1024K, 33 young (33792K), 5 survivors (5120K)
 Metaspace       used 15187K, committed 15424K, reserved 1114112K
  class space    used 1805K, committed 1920K, reserved 1048576K
}
Event: 4.688 GC heap after
{Heap after GC invocations=6 (full 0):
 garbage-first heap   total 65536K, used 21477K [0x00000000c0e00000, 0x0000000100000000)
  region size 1024K, 5 young (5120K), 5 survivors (5120K)
 Metaspace       used 15187K, committed 15424K, reserved 1114112K
  class space    used 1805K, committed 1920K, reserved 1048576K
}
Event: 5.234 GC heap before
{Heap before GC invocations=6 (full 0):
 garbage-first heap   total 65536K, used 45029K [0x00000000c0e00000, 0x0000000100000000)
  region size 1024K, 29 young (29696K), 5 survivors (5120K)
 Metaspace       used 15488K, committed 15680K, reserved 1114112K
  class space    used 1835K, committed 1920K, reserved 1048576K
}
Event: 5.254 GC heap after
{Heap after GC invocations=7 (full 0):
 garbage-first heap   total 88064K, used 24564K [0x00000000c0e00000, 0x0000000100000000)
  region size 1024K, 4 young (4096K), 4 survivors (4096K)
 Metaspace       used 15488K, committed 15680K, reserved 1114112K
  class space    used 1835K, committed 1920K, reserved 1048576K
}
Event: 5.995 GC heap before
{Heap before GC invocations=7 (full 0):
 garbage-first heap   total 88064K, used 60404K [0x00000000c0e00000, 0x0000000100000000)
  region size 1024K, 39 young (39936K), 4 survivors (4096K)
 Metaspace       used 15896K, committed 16064K, reserved 1114112K
  class space    used 1839K, committed 1920K, reserved 1048576K
}
Event: 6.011 GC heap after
{Heap after GC invocations=8 (full 0):
 garbage-first heap   total 88064K, used 27748K [0x00000000c0e00000, 0x0000000100000000)
  region size 1024K, 4 young (4096K), 4 survivors (4096K)
 Metaspace       used 15896K, committed 16064K, reserved 1114112K
  class space    used 1839K, committed 1920K, reserved 1048576K
}
Event: 7.364 GC heap before
{Heap before GC invocations=8 (full 0):
 garbage-first heap   total 88064K, used 62564K [0x00000000c0e00000, 0x0000000100000000)
  region size 1024K, 38 young (38912K), 4 survivors (4096K)
 Metaspace       used 16371K, committed 16512K, reserved 1114112K
  class space    used 1860K, committed 1920K, reserved 1048576K
}
Event: 7.379 GC heap after
{Heap after GC invocations=9 (full 0):
 garbage-first heap   total 88064K, used 29652K [0x00000000c0e00000, 0x0000000100000000)
  region size 1024K, 2 young (2048K), 2 survivors (2048K)
 Metaspace       used 16371K, committed 16512K, reserved 1114112K
  class space    used 1860K, committed 1920K, reserved 1048576K
}
Event: 8.153 GC heap before
{Heap before GC invocations=9 (full 0):
 garbage-first heap   total 88064K, used 56276K [0x00000000c0e00000, 0x0000000100000000)
  region size 1024K, 21 young (21504K), 2 survivors (2048K)
 Metaspace       used 17448K, committed 17664K, reserved 1114112K
  class space    used 1981K, committed 2048K, reserved 1048576K
}
Event: 8.160 GC heap after
{Heap after GC invocations=10 (full 0):
 garbage-first heap   total 88064K, used 38707K [0x00000000c0e00000, 0x0000000100000000)
  region size 1024K, 3 young (3072K), 3 survivors (3072K)
 Metaspace       used 17448K, committed 17664K, reserved 1114112K
  class space    used 1981K, committed 2048K, reserved 1048576K
}
Event: 8.164 GC heap before
{Heap before GC invocations=10 (full 0):
 garbage-first heap   total 88064K, used 50995K [0x00000000c0e00000, 0x0000000100000000)
  region size 1024K, 4 young (4096K), 3 survivors (3072K)
 Metaspace       used 17448K, committed 17664K, reserved 1114112K
  class space    used 1981K, committed 2048K, reserved 1048576K
}
Event: 8.172 GC heap after
{Heap after GC invocations=11 (full 0):
 garbage-first heap   total 88064K, used 51267K [0x00000000c0e00000, 0x0000000100000000)
  region size 1024K, 2 young (2048K), 2 survivors (2048K)
 Metaspace       used 17448K, committed 17664K, reserved 1114112K
  class space    used 1981K, committed 2048K, reserved 1048576K
}
Event: 8.638 GC heap before
{Heap before GC invocations=12 (full 0):
 garbage-first heap   total 273408K, used 173123K [0x00000000c0e00000, 0x0000000100000000)
  region size 1024K, 13 young (13312K), 2 survivors (2048K)
 Metaspace       used 17801K, committed 17984K, reserved 1114112K
  class space    used 2013K, committed 2112K, reserved 1048576K
}
Event: 8.642 GC heap after
{Heap after GC invocations=13 (full 0):
 garbage-first heap   total 273408K, used 31413K [0x00000000c0e00000, 0x0000000100000000)
  region size 1024K, 1 young (1024K), 1 survivors (1024K)
 Metaspace       used 17801K, committed 17984K, reserved 1114112K
  class space    used 2013K, committed 2112K, reserved 1048576K
}

